#
# A fatal error has been detected by the Java Runtime Environment:
#
#  Internal Error (javaClasses.cpp:126), pid=5772, tid=4228
#  fatal error: Invalid layout of preloaded class
#
# JRE version:  (8.0_25-b18) (build )
# Java VM: Java HotSpot(TM) 64-Bit Server VM (25.25-b02 mixed mode windows-amd64 compressed oops)
# Failed to write core dump. Minidumps are not enabled by default on client versions of Windows
#
# If you would like to submit a bug report, please visit:
#   http://bugreport.sun.com/bugreport/crash.jsp
#

---------------  T H R E A D  ---------------

Current thread (0x000000000236e000):  JavaThread "Unknown thread" [_thread_in_vm, id=4228, stack(0x00000000026f0000,0x00000000027f0000)]

Stack: [0x00000000026f0000,0x00000000027f0000]
Native frames: (J=compiled Java code, j=interpreted, Vv=VM code, C=native code)
V  [jvm.dll+0x31667a]
V  [jvm.dll+0x267073]
V  [jvm.dll+0x267cb3]
V  [jvm.dll+0x25f536]
V  [jvm.dll+0x5e773]
V  [jvm.dll+0x5e863]
V  [jvm.dll+0x731ca]
V  [jvm.dll+0x73528]
V  [jvm.dll+0xe48b7]
V  [jvm.dll+0xe4c46]
V  [jvm.dll+0x1f9ae7]
V  [jvm.dll+0x22b2e4]
V  [jvm.dll+0x14d571]
C  [javaw.exe+0x20c6]
C  [javaw.exe+0xc9eb]
C  [javaw.exe+0xca7f]
C  [kernel32.dll+0x159ed]
C  [ntdll.dll+0x2c541]


---------------  P R O C E S S  ---------------

Java Threads: ( => current thread )

Other Threads:

=>0x000000000236e000 (exited) JavaThread "Unknown thread" [_thread_in_vm, id=4228, stack(0x00000000026f0000,0x00000000027f0000)]

VM state:not at safepoint (not fully initialized)

VM Mutex/Monitor currently owned by a thread: None

GC Heap History (0 events):
No events

Deoptimization events (0 events):
No events

Internal exceptions (0 events):
No events

Events (10 events):
Event: 0.028 loading class java/lang/CharSequence done
Event: 0.028 loading class java/lang/String done
Event: 0.028 loading class java/lang/Class
Event: 0.028 loading class java/lang/reflect/AnnotatedElement
Event: 0.028 loading class java/lang/reflect/AnnotatedElement done
Event: 0.028 loading class java/lang/reflect/GenericDeclaration
Event: 0.029 loading class java/lang/reflect/GenericDeclaration done
Event: 0.029 loading class java/lang/reflect/Type
Event: 0.029 loading class java/lang/reflect/Type done
Event: 0.029 loading class java/lang/Class done


Dynamic libraries:
0x000000013f170000 - 0x000000013f1a4000 	C:\Program Files\Java\jre1.8.0_25\bin\javaw.exe
0x0000000077490000 - 0x0000000077639000 	C:\Windows\SYSTEM32\ntdll.dll
0x0000000077370000 - 0x000000007748f000 	C:\Windows\system32\kernel32.dll
0x000007fefd550000 - 0x000007fefd5bc000 	C:\Windows\system32\KERNELBASE.dll
0x000007feff5f0000 - 0x000007feff6cb000 	C:\Windows\system32\ADVAPI32.dll
0x000007fefdd10000 - 0x000007fefddaf000 	C:\Windows\system32\msvcrt.dll
0x000007fefe0d0000 - 0x000007fefe0ef000 	C:\Windows\SYSTEM32\sechost.dll
0x000007fefdfa0000 - 0x000007fefe0cd000 	C:\Windows\system32\RPCRT4.dll
0x0000000077270000 - 0x000000007736a000 	C:\Windows\system32\USER32.dll
0x000007fefdde0000 - 0x000007fefde47000 	C:\Windows\system32\GDI32.dll
0x000007fefddb0000 - 0x000007fefddbe000 	C:\Windows\system32\LPK.dll
0x000007feff6d0000 - 0x000007feff799000 	C:\Windows\system32\USP10.dll
0x000007fefbe00000 - 0x000007fefbff4000 	C:\Windows\WinSxS\amd64_microsoft.windows.common-controls_6595b64144ccf1df_6.0.7601.17514_none_fa396087175ac9ac\COMCTL32.dll
0x000007fefe470000 - 0x000007fefe4e1000 	C:\Windows\system32\SHLWAPI.dll
0x000007fefde60000 - 0x000007fefde8e000 	C:\Windows\system32\IMM32.DLL
0x000007fefde90000 - 0x000007fefdf99000 	C:\Windows\system32\MSCTF.dll
0x0000000063320000 - 0x00000000633f2000 	C:\Program Files\Java\jre1.8.0_25\bin\msvcr100.dll
0x000000005af10000 - 0x000000005b76a000 	C:\Program Files\Java\jre1.8.0_25\bin\server\jvm.dll
0x000007fef9a20000 - 0x000007fef9a29000 	C:\Windows\system32\WSOCK32.dll
0x000007fefe1d0000 - 0x000007fefe21d000 	C:\Windows\system32\WS2_32.dll
0x000007fefde50000 - 0x000007fefde58000 	C:\Windows\system32\NSI.dll
0x000007feface0000 - 0x000007fefad1b000 	C:\Windows\system32\WINMM.dll
0x0000000077650000 - 0x0000000077657000 	C:\Windows\system32\PSAPI.DLL
0x000000005af00000 - 0x000000005af0f000 	C:\Program Files\Java\jre1.8.0_25\bin\verify.dll
0x000000005aed0000 - 0x000000005aef8000 	C:\Program Files\Java\jre1.8.0_25\bin\java.dll
0x000000005aeb0000 - 0x000000005aec6000 	C:\Program Files\Java\jre1.8.0_25\bin\zip.dll
0x000007fef55d0000 - 0x000007fef56f5000 	C:\Windows\system32\dbghelp.dll

VM Arguments:
jvm_args: -Dfile.encoding=Cp1252 -Xbootclasspath:C:\Users\Iván\Desktop\Clase\3º\Moviles\ECLIPSE\sdk\platforms\android-15\android.jar 
java_command: util.Traductor
java_class_path (initial): C:\Users\Iván\Desktop\Clase\3º\Moviles\ECLIPSE\sdk\tools\support\annotations.jar;C:\Users\Iván\git\BattleshipActual\BattleShip\bin\classes;C:\Users\Iván\git\BattleshipActual\BattleShip\libs\android-support-v4.jar
Launcher Type: SUN_STANDARD

Environment Variables:
PATH=C:/Program Files/Java/jre1.8.0_25/bin/server;C:/Program Files/Java/jre1.8.0_25/bin;C:/Program Files/Java/jre1.8.0_25/lib/amd64;C:\Program Files (x86)\NVIDIA Corporation\PhysX\Common;C:\ProgramData\Oracle\Java\javapath;C:\Windows\system32;C:\Windows;C:\Windows\System32\Wbem;C:\Windows\System32\WindowsPowerShell\v1.0\;C:\Program Files (x86)\ATI Technologies\ATI.ACE\Core-Static;C:\Program Files\Microsoft\Web Platform Installer\;C:\Program Files (x86)\Microsoft ASP.NET\ASP.NET Web Pages\v1.0\;C:\Program Files (x86)\Windows Kits\8.0\Windows Performance Toolkit\;C:\Program Files\Microsoft SQL Server\110\Tools\Binn\;C:\Program Files (x86)\AMD\ATI.ACE\Core-Static;C:\Users\Iván\Desktop\Clase\3º\Moviles\ECLIPSE\eclipse;
USERNAME=Iván
OS=Windows_NT
PROCESSOR_IDENTIFIER=AMD64 Family 21 Model 48 Stepping 1, AuthenticAMD



---------------  S Y S T E M  ---------------

OS: Windows 7 , 64 bit Build 7601 Service Pack 1

CPU:total 4 (4 cores per cpu, 1 threads per core) family 21 model 48 stepping 1, cmov, cx8, fxsr, mmx, sse, sse2, sse3, ssse3, sse4.1, sse4.2, popcnt, avx, aes, clmul, mmxext, 3dnowpref, lzcnt, sse4a, tsc, tscinvbit, tscinv, bmi1

Memory: 4k page, physical 15668784k(12079676k free), swap 31335704k(26421536k free)

vm_info: Java HotSpot(TM) 64-Bit Server VM (25.25-b02) for windows-amd64 JRE (1.8.0_25-b18), built on Oct  7 2014 14:25:37 by "java_re" with MS VC++ 10.0 (VS2010)

time: Sat Dec 27 13:40:00 2014
elapsed time: 0 seconds (0d 0h 0m 0s)

